Arguments: 
  C:\Program Files\nodejs\node.exe C:\Program Files (x86)\Yarn\bin\yarn.js add typefaces-metropolis

PATH: 
  C:\Users\bkp\bin;C:\Program Files\Git\mingw64\bin;C:\Program Files\Git\usr\local\bin;C:\Program Files\Git\usr\bin;C:\Program Files\Git\usr\bin;C:\Program Files\Git\mingw64\bin;C:\Program Files\Git\usr\bin;C:\Users\bkp\bin;C:\ProgramData\Oracle\Java\javapath;C:\Program Files (x86)\NVIDIA Corporation\PhysX\Common;C:\Program Files (x86)\Intel\iCLS Client;C:\Program Files\Intel\iCLS Client;C:\Windows\system32;C:\Windows;C:\Windows\System32\Wbem;C:\Windows\System32\WindowsPowerShell\v1.0;C:\Program Files\Intel\Intel(R) Management Engine Components\DAL;C:\Program Files\Intel\Intel(R) Management Engine Components\IPT;C:\Program Files (x86)\Intel\Intel(R) Management Engine Components\DAL;C:\Program Files (x86)\Intel\Intel(R) Management Engine Components\IPT;C:\Program Files (x86)\Intel\OpenCL SDK\2.0\bin\x86;C:\Program Files (x86)\Intel\OpenCL SDK\2.0\bin\x64;C:\Program Files (x86)\QuickTime\QTSystem;C:\Users\bkp\AppData\Local\Smartbar\Application;C:\WINDOWS\system32;C:\WINDOWS;C:\WINDOWS\System32\Wbem;C:\WINDOWS\System32\WindowsPowerShell\v1.0;C:\WINDOWS\System32\OpenSSH;C:\Program Files\Git\cmd;C:\Program Files (x86)\Yarn\bin;C:\Users\bkp\AppData\Roaming\Microsoft\Windows\Start Menu\Programs\Python 3.7;C:\Program Files\nodejs;C:\ProgramData\chocolatey\bin;C:\Users\bkp\AppData\Local\Programs\Python\Python38-32\Scripts;C:\Users\bkp\AppData\Local\Programs\Python\Python38-32;C:\Users\bkp\AppData\Local\Programs\Python\Python38-32\Scripts;C:\Users\bkp\AppData\Local\Programs\Python\Python38-32;C:\Users\bkp\AppData\Local\Programs\Python\Python37\python.exe;C:\Users\bkp\AppData\Roaming\npm;C:\Program Files\JetBrains\PyCharm Community Edition 2019.2.5\bin;C:\Program Files\JetBrains\PyCharm 2019.2.5\bin;C:\Users\bkp\AppData\Roaming\Python\Scripts;C:\Users\bkp\AppData\Local\Programs\Python\Python38-32\Scripts;C:\Users\bkp\AppData\Roaming\Python\Scripts;C:\Users\bkp\AppData\Local\Programs\Microsoft VS Code\bin;C:\Program Files\Git\usr\bin\vendor_perl;C:\Program Files\Git\usr\bin\core_perl

Yarn version: 
  1.17.3

Node version: 
  13.2.0

Platform: 
  win32 x64

Trace: 
  Error: https://registry.yarnpkg.com/typefaces-metropolis: Not found
      at Request.params.callback [as _callback] (C:\Program Files (x86)\Yarn\lib\cli.js:65939:18)
      at Request.self.callback (C:\Program Files (x86)\Yarn\lib\cli.js:140464:22)
      at Request.emit (events.js:210:5)
      at Request.<anonymous> (C:\Program Files (x86)\Yarn\lib\cli.js:141436:10)
      at Request.emit (events.js:210:5)
      at IncomingMessage.<anonymous> (C:\Program Files (x86)\Yarn\lib\cli.js:141358:12)
      at Object.onceWrapper (events.js:299:28)
      at IncomingMessage.emit (events.js:215:7)
      at endReadableNT (_stream_readable.js:1200:12)
      at processTicksAndRejections (internal/process/task_queues.js:80:21)

npm manifest: 
  No manifest

yarn manifest: 
  No manifest

Lockfile: 
  No lockfile
